16:34:02 **** Incremental Build of configuration Nios II for project niosLab2 ****
make all 
Info: Building ../niosLab2_bsp/
make --no-print-directory -C ../niosLab2_bsp/
[BSP build complete]
[niosLab2 build complete]
16:34:12 **** Build of configuration Nios II for project niosLab2 ****
make all 
Info: Building ../niosLab2_bsp/
make --no-print-directory -C ../niosLab2_bsp/
[BSP build complete]
[niosLab2 build complete]
16:34:13 **** Incremental Build of configuration Nios II for project niosLab2 ****
make all 
Info: Building ../niosLab2_bsp/
make --no-print-directory -C ../niosLab2_bsp/
[BSP build complete]
[niosLab2 build complete]
16:34:57 **** Build of configuration Nios II for project niosLab2 ****
make all 
Info: Building ../niosLab2_bsp/
make --no-print-directory -C ../niosLab2_bsp/
[BSP build complete]
[niosLab2 build complete]
16:34:58 **** Incremental Build of configuration Nios II for project niosLab2 ****
make all 
Info: Building ../niosLab2_bsp/
make --no-print-directory -C ../niosLab2_bsp/
[BSP build complete]
[niosLab2 build complete]
16:37:00 **** Incremental Build of configuration Nios II for project niosLab2 ****
make all 
Info: Building ../niosLab2_bsp/
make --no-print-directory -C ../niosLab2_bsp/
[BSP build complete]
[niosLab2 build complete]
